{"C:\\Yugo\\Hacktiv8\\Phase 2\\Week 3\\Day 1\\IP-RMT48\\server\\app.js": {"path":"C:\\Yugo\\Hacktiv8\\Phase 2\\Week 3\\Day 1\\IP-RMT48\\server\\app.js","statementMap":{"0":{"start":{"line":1,"column":16},"end":{"line":1,"column":34}},"1":{"start":{"line":2,"column":12},"end":{"line":2,"column":21}},"2":{"start":{"line":4,"column":0},"end":{"line":6,"column":1}},"3":{"start":{"line":5,"column":4},"end":{"line":5,"column":30}},"4":{"start":{"line":7,"column":14},"end":{"line":7,"column":39}},"5":{"start":{"line":9,"column":0},"end":{"line":9,"column":23}},"6":{"start":{"line":10,"column":0},"end":{"line":10,"column":48}},"7":{"start":{"line":11,"column":0},"end":{"line":11,"column":14}},"8":{"start":{"line":13,"column":0},"end":{"line":13,"column":20}}},"fnMap":{},"branchMap":{"0":{"loc":{"start":{"line":4,"column":0},"end":{"line":6,"column":1}},"type":"if","locations":[{"start":{"line":4,"column":0},"end":{"line":6,"column":1}},{"start":{},"end":{}}],"line":4}},"s":{"0":1,"1":1,"2":1,"3":1,"4":1,"5":1,"6":1,"7":1,"8":1},"f":{},"b":{"0":[1,0]},"_coverageSchema":"1a1c01bbd47fc00a2c39e90264f33305004495a9","hash":"86358389c7010e5030ca53639c126f371160640f"}
,"C:\\Yugo\\Hacktiv8\\Phase 2\\Week 3\\Day 1\\IP-RMT48\\server\\controllers\\controller.js": {"path":"C:\\Yugo\\Hacktiv8\\Phase 2\\Week 3\\Day 1\\IP-RMT48\\server\\controllers\\controller.js","statementMap":{"0":{"start":{"line":1,"column":22},"end":{"line":1,"column":47}},"1":{"start":{"line":2,"column":30},"end":{"line":2,"column":50}},"2":{"start":{"line":3,"column":15},"end":{"line":3,"column":34}},"3":{"start":{"line":4,"column":19},"end":{"line":4,"column":43}},"4":{"start":{"line":5,"column":0},"end":{"line":9,"column":3}},"5":{"start":{"line":10,"column":25},"end":{"line":10,"column":55}},"6":{"start":{"line":11,"column":15},"end":{"line":11,"column":35}},"7":{"start":{"line":12,"column":15},"end":{"line":12,"column":33}},"8":{"start":{"line":17,"column":8},"end":{"line":21,"column":9}},"9":{"start":{"line":18,"column":12},"end":{"line":18,"column":61}},"10":{"start":{"line":20,"column":12},"end":{"line":20,"column":70}},"11":{"start":{"line":25,"column":8},"end":{"line":36,"column":9}},"12":{"start":{"line":26,"column":67},"end":{"line":26,"column":75}},"13":{"start":{"line":27,"column":12},"end":{"line":27,"column":33}},"14":{"start":{"line":28,"column":23},"end":{"line":28,"column":88}},"15":{"start":{"line":29,"column":12},"end":{"line":32,"column":14}},"16":{"start":{"line":34,"column":12},"end":{"line":34,"column":30}},"17":{"start":{"line":35,"column":12},"end":{"line":35,"column":23}},"18":{"start":{"line":40,"column":8},"end":{"line":65,"column":9}},"19":{"start":{"line":41,"column":40},"end":{"line":41,"column":48}},"20":{"start":{"line":42,"column":12},"end":{"line":44,"column":13}},"21":{"start":{"line":43,"column":16},"end":{"line":43,"column":88}},"22":{"start":{"line":45,"column":12},"end":{"line":47,"column":13}},"23":{"start":{"line":46,"column":16},"end":{"line":46,"column":91}},"24":{"start":{"line":48,"column":23},"end":{"line":52,"column":14}},"25":{"start":{"line":53,"column":12},"end":{"line":55,"column":13}},"26":{"start":{"line":54,"column":16},"end":{"line":54,"column":93}},"27":{"start":{"line":56,"column":34},"end":{"line":56,"column":77}},"28":{"start":{"line":57,"column":12},"end":{"line":59,"column":13}},"29":{"start":{"line":58,"column":16},"end":{"line":58,"column":93}},"30":{"start":{"line":60,"column":33},"end":{"line":60,"column":59}},"31":{"start":{"line":61,"column":12},"end":{"line":61,"column":50}},"32":{"start":{"line":63,"column":12},"end":{"line":63,"column":30}},"33":{"start":{"line":64,"column":12},"end":{"line":64,"column":23}},"34":{"start":{"line":69,"column":8},"end":{"line":102,"column":9}},"35":{"start":{"line":70,"column":36},"end":{"line":70,"column":44}},"36":{"start":{"line":71,"column":27},"end":{"line":74,"column":14}},"37":{"start":{"line":75,"column":28},"end":{"line":75,"column":47}},"38":{"start":{"line":77,"column":23},"end":{"line":81,"column":14}},"39":{"start":{"line":83,"column":12},"end":{"line":94,"column":13}},"40":{"start":{"line":84,"column":16},"end":{"line":93,"column":17}},"41":{"start":{"line":96,"column":33},"end":{"line":96,"column":59}},"42":{"start":{"line":98,"column":12},"end":{"line":98,"column":50}},"43":{"start":{"line":100,"column":12},"end":{"line":100,"column":30}},"44":{"start":{"line":101,"column":12},"end":{"line":101,"column":23}},"45":{"start":{"line":106,"column":8},"end":{"line":138,"column":9}},"46":{"start":{"line":107,"column":25},"end":{"line":107,"column":33}},"47":{"start":{"line":108,"column":43},"end":{"line":108,"column":52}},"48":{"start":{"line":109,"column":25},"end":{"line":115,"column":13}},"49":{"start":{"line":116,"column":12},"end":{"line":120,"column":13}},"50":{"start":{"line":117,"column":16},"end":{"line":119,"column":17}},"51":{"start":{"line":121,"column":12},"end":{"line":123,"column":13}},"52":{"start":{"line":122,"column":16},"end":{"line":122,"column":50}},"53":{"start":{"line":124,"column":12},"end":{"line":126,"column":13}},"54":{"start":{"line":125,"column":16},"end":{"line":125,"column":46}},"55":{"start":{"line":127,"column":34},"end":{"line":127,"column":75}},"56":{"start":{"line":128,"column":12},"end":{"line":134,"column":14}},"57":{"start":{"line":136,"column":12},"end":{"line":136,"column":30}},"58":{"start":{"line":137,"column":12},"end":{"line":137,"column":23}},"59":{"start":{"line":142,"column":8},"end":{"line":160,"column":9}},"60":{"start":{"line":143,"column":25},"end":{"line":143,"column":33}},"61":{"start":{"line":144,"column":27},"end":{"line":144,"column":35}},"62":{"start":{"line":145,"column":23},"end":{"line":150,"column":14}},"63":{"start":{"line":151,"column":12},"end":{"line":153,"column":13}},"64":{"start":{"line":152,"column":16},"end":{"line":152,"column":102}},"65":{"start":{"line":155,"column":12},"end":{"line":155,"column":67}},"66":{"start":{"line":156,"column":12},"end":{"line":156,"column":68}},"67":{"start":{"line":158,"column":12},"end":{"line":158,"column":30}},"68":{"start":{"line":159,"column":12},"end":{"line":159,"column":23}},"69":{"start":{"line":164,"column":8},"end":{"line":180,"column":9}},"70":{"start":{"line":165,"column":27},"end":{"line":165,"column":37}},"71":{"start":{"line":166,"column":25},"end":{"line":166,"column":33}},"72":{"start":{"line":167,"column":23},"end":{"line":172,"column":14}},"73":{"start":{"line":173,"column":12},"end":{"line":175,"column":13}},"74":{"start":{"line":174,"column":16},"end":{"line":174,"column":90}},"75":{"start":{"line":176,"column":12},"end":{"line":176,"column":38}},"76":{"start":{"line":178,"column":12},"end":{"line":178,"column":30}},"77":{"start":{"line":179,"column":12},"end":{"line":179,"column":23}},"78":{"start":{"line":184,"column":8},"end":{"line":202,"column":9}},"79":{"start":{"line":185,"column":25},"end":{"line":185,"column":33}},"80":{"start":{"line":186,"column":27},"end":{"line":186,"column":37}},"81":{"start":{"line":187,"column":88},"end":{"line":187,"column":96}},"82":{"start":{"line":188,"column":23},"end":{"line":193,"column":14}},"83":{"start":{"line":194,"column":12},"end":{"line":196,"column":13}},"84":{"start":{"line":195,"column":16},"end":{"line":195,"column":90}},"85":{"start":{"line":197,"column":12},"end":{"line":197,"column":100}},"86":{"start":{"line":198,"column":12},"end":{"line":198,"column":38}},"87":{"start":{"line":201,"column":12},"end":{"line":201,"column":23}},"88":{"start":{"line":206,"column":8},"end":{"line":223,"column":9}},"89":{"start":{"line":207,"column":25},"end":{"line":207,"column":33}},"90":{"start":{"line":208,"column":27},"end":{"line":208,"column":37}},"91":{"start":{"line":209,"column":23},"end":{"line":214,"column":14}},"92":{"start":{"line":215,"column":12},"end":{"line":217,"column":13}},"93":{"start":{"line":216,"column":16},"end":{"line":216,"column":94}},"94":{"start":{"line":218,"column":12},"end":{"line":218,"column":32}},"95":{"start":{"line":219,"column":12},"end":{"line":219,"column":63}},"96":{"start":{"line":221,"column":12},"end":{"line":221,"column":30}},"97":{"start":{"line":222,"column":12},"end":{"line":222,"column":23}},"98":{"start":{"line":227,"column":8},"end":{"line":239,"column":9}},"99":{"start":{"line":228,"column":25},"end":{"line":228,"column":33}},"100":{"start":{"line":229,"column":23},"end":{"line":234,"column":14}},"101":{"start":{"line":235,"column":12},"end":{"line":235,"column":38}},"102":{"start":{"line":237,"column":12},"end":{"line":237,"column":30}},"103":{"start":{"line":238,"column":12},"end":{"line":238,"column":23}},"104":{"start":{"line":243,"column":8},"end":{"line":256,"column":9}},"105":{"start":{"line":244,"column":25},"end":{"line":244,"column":33}},"106":{"start":{"line":245,"column":40},"end":{"line":245,"column":48}},"107":{"start":{"line":246,"column":23},"end":{"line":250,"column":14}},"108":{"start":{"line":251,"column":12},"end":{"line":251,"column":52}},"109":{"start":{"line":252,"column":12},"end":{"line":252,"column":38}},"110":{"start":{"line":254,"column":12},"end":{"line":254,"column":30}},"111":{"start":{"line":255,"column":12},"end":{"line":255,"column":23}},"112":{"start":{"line":260,"column":8},"end":{"line":274,"column":9}},"113":{"start":{"line":261,"column":25},"end":{"line":261,"column":33}},"114":{"start":{"line":262,"column":23},"end":{"line":262,"column":46}},"115":{"start":{"line":263,"column":12},"end":{"line":265,"column":13}},"116":{"start":{"line":264,"column":16},"end":{"line":264,"column":99}},"117":{"start":{"line":266,"column":27},"end":{"line":266,"column":61}},"118":{"start":{"line":267,"column":27},"end":{"line":267,"column":71}},"119":{"start":{"line":268,"column":25},"end":{"line":268,"column":65}},"120":{"start":{"line":269,"column":12},"end":{"line":269,"column":53}},"121":{"start":{"line":270,"column":12},"end":{"line":270,"column":84}},"122":{"start":{"line":272,"column":12},"end":{"line":272,"column":30}},"123":{"start":{"line":273,"column":12},"end":{"line":273,"column":23}},"124":{"start":{"line":278,"column":0},"end":{"line":278,"column":27}}},"fnMap":{"0":{"name":"(anonymous_0)","decl":{"start":{"line":16,"column":4},"end":{"line":16,"column":5}},"loc":{"start":{"line":16,"column":32},"end":{"line":22,"column":5}},"line":16},"1":{"name":"(anonymous_1)","decl":{"start":{"line":24,"column":4},"end":{"line":24,"column":5}},"loc":{"start":{"line":24,"column":42},"end":{"line":37,"column":5}},"line":24},"2":{"name":"(anonymous_2)","decl":{"start":{"line":39,"column":4},"end":{"line":39,"column":5}},"loc":{"start":{"line":39,"column":43},"end":{"line":66,"column":5}},"line":39},"3":{"name":"(anonymous_3)","decl":{"start":{"line":68,"column":4},"end":{"line":68,"column":5}},"loc":{"start":{"line":68,"column":49},"end":{"line":103,"column":5}},"line":68},"4":{"name":"(anonymous_4)","decl":{"start":{"line":105,"column":4},"end":{"line":105,"column":5}},"loc":{"start":{"line":105,"column":49},"end":{"line":139,"column":5}},"line":105},"5":{"name":"(anonymous_5)","decl":{"start":{"line":141,"column":4},"end":{"line":141,"column":5}},"loc":{"start":{"line":141,"column":49},"end":{"line":161,"column":5}},"line":141},"6":{"name":"(anonymous_6)","decl":{"start":{"line":163,"column":4},"end":{"line":163,"column":5}},"loc":{"start":{"line":163,"column":48},"end":{"line":181,"column":5}},"line":163},"7":{"name":"(anonymous_7)","decl":{"start":{"line":183,"column":4},"end":{"line":183,"column":5}},"loc":{"start":{"line":183,"column":48},"end":{"line":203,"column":5}},"line":183},"8":{"name":"(anonymous_8)","decl":{"start":{"line":205,"column":4},"end":{"line":205,"column":5}},"loc":{"start":{"line":205,"column":51},"end":{"line":224,"column":5}},"line":205},"9":{"name":"(anonymous_9)","decl":{"start":{"line":226,"column":4},"end":{"line":226,"column":5}},"loc":{"start":{"line":226,"column":47},"end":{"line":240,"column":5}},"line":226},"10":{"name":"(anonymous_10)","decl":{"start":{"line":242,"column":4},"end":{"line":242,"column":5}},"loc":{"start":{"line":242,"column":47},"end":{"line":257,"column":5}},"line":242},"11":{"name":"(anonymous_11)","decl":{"start":{"line":259,"column":4},"end":{"line":259,"column":5}},"loc":{"start":{"line":259,"column":49},"end":{"line":275,"column":5}},"line":259}},"branchMap":{"0":{"loc":{"start":{"line":42,"column":12},"end":{"line":44,"column":13}},"type":"if","locations":[{"start":{"line":42,"column":12},"end":{"line":44,"column":13}},{"start":{},"end":{}}],"line":42},"1":{"loc":{"start":{"line":45,"column":12},"end":{"line":47,"column":13}},"type":"if","locations":[{"start":{"line":45,"column":12},"end":{"line":47,"column":13}},{"start":{},"end":{}}],"line":45},"2":{"loc":{"start":{"line":53,"column":12},"end":{"line":55,"column":13}},"type":"if","locations":[{"start":{"line":53,"column":12},"end":{"line":55,"column":13}},{"start":{},"end":{}}],"line":53},"3":{"loc":{"start":{"line":57,"column":12},"end":{"line":59,"column":13}},"type":"if","locations":[{"start":{"line":57,"column":12},"end":{"line":59,"column":13}},{"start":{},"end":{}}],"line":57},"4":{"loc":{"start":{"line":83,"column":12},"end":{"line":94,"column":13}},"type":"if","locations":[{"start":{"line":83,"column":12},"end":{"line":94,"column":13}},{"start":{},"end":{}}],"line":83},"5":{"loc":{"start":{"line":116,"column":12},"end":{"line":120,"column":13}},"type":"if","locations":[{"start":{"line":116,"column":12},"end":{"line":120,"column":13}},{"start":{},"end":{}}],"line":116},"6":{"loc":{"start":{"line":121,"column":12},"end":{"line":123,"column":13}},"type":"if","locations":[{"start":{"line":121,"column":12},"end":{"line":123,"column":13}},{"start":{},"end":{}}],"line":121},"7":{"loc":{"start":{"line":124,"column":12},"end":{"line":126,"column":13}},"type":"if","locations":[{"start":{"line":124,"column":12},"end":{"line":126,"column":13}},{"start":{},"end":{}}],"line":124},"8":{"loc":{"start":{"line":129,"column":22},"end":{"line":129,"column":32}},"type":"binary-expr","locations":[{"start":{"line":129,"column":22},"end":{"line":129,"column":27}},{"start":{"line":129,"column":31},"end":{"line":129,"column":32}}],"line":129},"9":{"loc":{"start":{"line":151,"column":12},"end":{"line":153,"column":13}},"type":"if","locations":[{"start":{"line":151,"column":12},"end":{"line":153,"column":13}},{"start":{},"end":{}}],"line":151},"10":{"loc":{"start":{"line":173,"column":12},"end":{"line":175,"column":13}},"type":"if","locations":[{"start":{"line":173,"column":12},"end":{"line":175,"column":13}},{"start":{},"end":{}}],"line":173},"11":{"loc":{"start":{"line":194,"column":12},"end":{"line":196,"column":13}},"type":"if","locations":[{"start":{"line":194,"column":12},"end":{"line":196,"column":13}},{"start":{},"end":{}}],"line":194},"12":{"loc":{"start":{"line":215,"column":12},"end":{"line":217,"column":13}},"type":"if","locations":[{"start":{"line":215,"column":12},"end":{"line":217,"column":13}},{"start":{},"end":{}}],"line":215},"13":{"loc":{"start":{"line":263,"column":12},"end":{"line":265,"column":13}},"type":"if","locations":[{"start":{"line":263,"column":12},"end":{"line":265,"column":13}},{"start":{},"end":{}}],"line":263}},"s":{"0":1,"1":1,"2":1,"3":1,"4":1,"5":1,"6":1,"7":1,"8":1,"9":1,"10":0,"11":6,"12":6,"13":6,"14":6,"15":1,"16":5,"17":5,"18":5,"19":5,"20":5,"21":1,"22":4,"23":1,"24":3,"25":3,"26":1,"27":2,"28":2,"29":1,"30":1,"31":1,"32":4,"33":4,"34":0,"35":0,"36":0,"37":0,"38":0,"39":0,"40":0,"41":0,"42":0,"43":0,"44":0,"45":4,"46":4,"47":4,"48":4,"49":4,"50":1,"51":4,"52":1,"53":4,"54":1,"55":4,"56":4,"57":0,"58":0,"59":2,"60":2,"61":2,"62":2,"63":2,"64":1,"65":1,"66":1,"67":1,"68":1,"69":2,"70":2,"71":2,"72":2,"73":2,"74":1,"75":1,"76":1,"77":1,"78":2,"79":2,"80":2,"81":2,"82":2,"83":2,"84":1,"85":1,"86":1,"87":1,"88":2,"89":2,"90":2,"91":2,"92":2,"93":1,"94":1,"95":1,"96":1,"97":1,"98":1,"99":1,"100":1,"101":1,"102":0,"103":0,"104":2,"105":2,"106":2,"107":2,"108":2,"109":1,"110":1,"111":1,"112":0,"113":0,"114":0,"115":0,"116":0,"117":0,"118":0,"119":0,"120":0,"121":0,"122":0,"123":0,"124":1},"f":{"0":1,"1":6,"2":5,"3":0,"4":4,"5":2,"6":2,"7":2,"8":2,"9":1,"10":2,"11":0},"b":{"0":[1,4],"1":[1,3],"2":[1,2],"3":[1,1],"4":[0,0],"5":[1,3],"6":[1,3],"7":[1,3],"8":[4,3],"9":[1,1],"10":[1,1],"11":[1,1],"12":[1,1],"13":[0,0]},"_coverageSchema":"1a1c01bbd47fc00a2c39e90264f33305004495a9","hash":"a7b450950a759fc9aa8d1f37c0d83ae7302324e7"}
,"C:\\Yugo\\Hacktiv8\\Phase 2\\Week 3\\Day 1\\IP-RMT48\\server\\helpers\\bcryptjs.js": {"path":"C:\\Yugo\\Hacktiv8\\Phase 2\\Week 3\\Day 1\\IP-RMT48\\server\\helpers\\bcryptjs.js","statementMap":{"0":{"start":{"line":1,"column":15},"end":{"line":1,"column":34}},"1":{"start":{"line":2,"column":13},"end":{"line":2,"column":35}},"2":{"start":{"line":5,"column":17},"end":{"line":5,"column":48}},"3":{"start":{"line":6,"column":4},"end":{"line":6,"column":15}},"4":{"start":{"line":9,"column":0},"end":{"line":9,"column":29}}},"fnMap":{"0":{"name":"hashPassword","decl":{"start":{"line":4,"column":9},"end":{"line":4,"column":21}},"loc":{"start":{"line":4,"column":32},"end":{"line":7,"column":1}},"line":4}},"branchMap":{},"s":{"0":1,"1":1,"2":4,"3":4,"4":1},"f":{"0":4},"b":{},"_coverageSchema":"1a1c01bbd47fc00a2c39e90264f33305004495a9","hash":"45762b0f1c646f45807fd8e85453ba5662d2ffad"}
,"C:\\Yugo\\Hacktiv8\\Phase 2\\Week 3\\Day 1\\IP-RMT48\\server\\helpers\\jwt.js": {"path":"C:\\Yugo\\Hacktiv8\\Phase 2\\Week 3\\Day 1\\IP-RMT48\\server\\helpers\\jwt.js","statementMap":{"0":{"start":{"line":1,"column":12},"end":{"line":1,"column":35}},"1":{"start":{"line":3,"column":19},"end":{"line":3,"column":41}},"2":{"start":{"line":6,"column":18},"end":{"line":6,"column":47}},"3":{"start":{"line":7,"column":4},"end":{"line":7,"column":16}},"4":{"start":{"line":11,"column":20},"end":{"line":11,"column":51}},"5":{"start":{"line":12,"column":4},"end":{"line":12,"column":18}},"6":{"start":{"line":15,"column":0},"end":{"line":15,"column":43}}},"fnMap":{"0":{"name":"signToken","decl":{"start":{"line":5,"column":9},"end":{"line":5,"column":18}},"loc":{"start":{"line":5,"column":28},"end":{"line":8,"column":1}},"line":5},"1":{"name":"verifyToken","decl":{"start":{"line":10,"column":9},"end":{"line":10,"column":20}},"loc":{"start":{"line":10,"column":30},"end":{"line":13,"column":1}},"line":10}},"branchMap":{},"s":{"0":1,"1":1,"2":2,"3":2,"4":16,"5":15,"6":1},"f":{"0":2,"1":16},"b":{},"_coverageSchema":"1a1c01bbd47fc00a2c39e90264f33305004495a9","hash":"3a8ec9cb330cc916bc8c64531ac214e9cb67a75c"}
,"C:\\Yugo\\Hacktiv8\\Phase 2\\Week 3\\Day 1\\IP-RMT48\\server\\middlewares\\authentication.js": {"path":"C:\\Yugo\\Hacktiv8\\Phase 2\\Week 3\\Day 1\\IP-RMT48\\server\\middlewares\\authentication.js","statementMap":{"0":{"start":{"line":1,"column":24},"end":{"line":1,"column":49}},"1":{"start":{"line":2,"column":17},"end":{"line":2,"column":37}},"2":{"start":{"line":5,"column":4},"end":{"line":21,"column":5}},"3":{"start":{"line":6,"column":32},"end":{"line":6,"column":43}},"4":{"start":{"line":7,"column":8},"end":{"line":9,"column":9}},"5":{"start":{"line":8,"column":12},"end":{"line":8,"column":80}},"6":{"start":{"line":10,"column":22},"end":{"line":10,"column":49}},"7":{"start":{"line":11,"column":29},"end":{"line":11,"column":47}},"8":{"start":{"line":12,"column":21},"end":{"line":12,"column":57}},"9":{"start":{"line":13,"column":8},"end":{"line":15,"column":9}},"10":{"start":{"line":14,"column":12},"end":{"line":14,"column":80}},"11":{"start":{"line":16,"column":8},"end":{"line":16,"column":23}},"12":{"start":{"line":17,"column":8},"end":{"line":17,"column":14}},"13":{"start":{"line":19,"column":8},"end":{"line":19,"column":26}},"14":{"start":{"line":20,"column":8},"end":{"line":20,"column":19}},"15":{"start":{"line":24,"column":0},"end":{"line":24,"column":31}}},"fnMap":{"0":{"name":"authentication","decl":{"start":{"line":4,"column":15},"end":{"line":4,"column":29}},"loc":{"start":{"line":4,"column":46},"end":{"line":22,"column":1}},"line":4}},"branchMap":{"0":{"loc":{"start":{"line":7,"column":8},"end":{"line":9,"column":9}},"type":"if","locations":[{"start":{"line":7,"column":8},"end":{"line":9,"column":9}},{"start":{},"end":{}}],"line":7},"1":{"loc":{"start":{"line":13,"column":8},"end":{"line":15,"column":9}},"type":"if","locations":[{"start":{"line":13,"column":8},"end":{"line":15,"column":9}},{"start":{},"end":{}}],"line":13}},"s":{"0":1,"1":1,"2":17,"3":17,"4":17,"5":1,"6":16,"7":16,"8":15,"9":15,"10":0,"11":15,"12":15,"13":2,"14":2,"15":1},"f":{"0":17},"b":{"0":[1,16],"1":[0,15]},"_coverageSchema":"1a1c01bbd47fc00a2c39e90264f33305004495a9","hash":"2061ba62e5c23fc9bf222b7a80af4be4dbdfb870"}
,"C:\\Yugo\\Hacktiv8\\Phase 2\\Week 3\\Day 1\\IP-RMT48\\server\\middlewares\\errorHandler.js": {"path":"C:\\Yugo\\Hacktiv8\\Phase 2\\Week 3\\Day 1\\IP-RMT48\\server\\middlewares\\errorHandler.js","statementMap":{"0":{"start":{"line":2,"column":4},"end":{"line":10,"column":5}},"1":{"start":{"line":3,"column":8},"end":{"line":3,"column":64}},"2":{"start":{"line":4,"column":11},"end":{"line":10,"column":5}},"3":{"start":{"line":5,"column":8},"end":{"line":5,"column":61}},"4":{"start":{"line":6,"column":11},"end":{"line":10,"column":5}},"5":{"start":{"line":7,"column":8},"end":{"line":7,"column":58}},"6":{"start":{"line":9,"column":8},"end":{"line":9,"column":66}},"7":{"start":{"line":13,"column":0},"end":{"line":13,"column":30}}},"fnMap":{"0":{"name":"errorHandlers","decl":{"start":{"line":1,"column":9},"end":{"line":1,"column":22}},"loc":{"start":{"line":1,"column":44},"end":{"line":11,"column":1}},"line":1}},"branchMap":{"0":{"loc":{"start":{"line":2,"column":4},"end":{"line":10,"column":5}},"type":"if","locations":[{"start":{"line":2,"column":4},"end":{"line":10,"column":5}},{"start":{"line":4,"column":11},"end":{"line":10,"column":5}}],"line":2},"1":{"loc":{"start":{"line":2,"column":8},"end":{"line":2,"column":94}},"type":"binary-expr","locations":[{"start":{"line":2,"column":8},"end":{"line":2,"column":52}},{"start":{"line":2,"column":56},"end":{"line":2,"column":94}}],"line":2},"2":{"loc":{"start":{"line":4,"column":11},"end":{"line":10,"column":5}},"type":"if","locations":[{"start":{"line":4,"column":11},"end":{"line":10,"column":5}},{"start":{"line":6,"column":11},"end":{"line":10,"column":5}}],"line":4},"3":{"loc":{"start":{"line":6,"column":11},"end":{"line":10,"column":5}},"type":"if","locations":[{"start":{"line":6,"column":11},"end":{"line":10,"column":5}},{"start":{"line":8,"column":11},"end":{"line":10,"column":5}}],"line":6}},"s":{"0":16,"1":6,"2":10,"3":9,"4":1,"5":1,"6":0,"7":1},"f":{"0":16},"b":{"0":[6,10],"1":[16,15],"2":[9,1],"3":[1,0]},"_coverageSchema":"1a1c01bbd47fc00a2c39e90264f33305004495a9","hash":"ccd525216f7023f54051d5953003e03a7a679607"}
,"C:\\Yugo\\Hacktiv8\\Phase 2\\Week 3\\Day 1\\IP-RMT48\\server\\models\\index.js": {"path":"C:\\Yugo\\Hacktiv8\\Phase 2\\Week 3\\Day 1\\IP-RMT48\\server\\models\\index.js","statementMap":{"0":{"start":{"line":3,"column":11},"end":{"line":3,"column":24}},"1":{"start":{"line":4,"column":13},"end":{"line":4,"column":28}},"2":{"start":{"line":5,"column":18},"end":{"line":5,"column":38}},"3":{"start":{"line":6,"column":16},"end":{"line":6,"column":34}},"4":{"start":{"line":7,"column":17},"end":{"line":7,"column":42}},"5":{"start":{"line":8,"column":12},"end":{"line":8,"column":49}},"6":{"start":{"line":9,"column":15},"end":{"line":9,"column":65}},"7":{"start":{"line":10,"column":11},"end":{"line":10,"column":13}},"8":{"start":{"line":13,"column":0},"end":{"line":17,"column":1}},"9":{"start":{"line":14,"column":2},"end":{"line":14,"column":74}},"10":{"start":{"line":16,"column":2},"end":{"line":16,"column":87}},"11":{"start":{"line":19,"column":0},"end":{"line":32,"column":5}},"12":{"start":{"line":22,"column":4},"end":{"line":27,"column":6}},"13":{"start":{"line":30,"column":18},"end":{"line":30,"column":85}},"14":{"start":{"line":31,"column":4},"end":{"line":31,"column":27}},"15":{"start":{"line":34,"column":0},"end":{"line":38,"column":3}},"16":{"start":{"line":35,"column":2},"end":{"line":37,"column":3}},"17":{"start":{"line":36,"column":4},"end":{"line":36,"column":32}},"18":{"start":{"line":40,"column":0},"end":{"line":40,"column":25}},"19":{"start":{"line":41,"column":0},"end":{"line":41,"column":25}},"20":{"start":{"line":43,"column":0},"end":{"line":43,"column":20}}},"fnMap":{"0":{"name":"(anonymous_0)","decl":{"start":{"line":21,"column":10},"end":{"line":21,"column":11}},"loc":{"start":{"line":21,"column":18},"end":{"line":28,"column":3}},"line":21},"1":{"name":"(anonymous_1)","decl":{"start":{"line":29,"column":11},"end":{"line":29,"column":12}},"loc":{"start":{"line":29,"column":19},"end":{"line":32,"column":3}},"line":29},"2":{"name":"(anonymous_2)","decl":{"start":{"line":34,"column":24},"end":{"line":34,"column":25}},"loc":{"start":{"line":34,"column":37},"end":{"line":38,"column":1}},"line":34}},"branchMap":{"0":{"loc":{"start":{"line":8,"column":12},"end":{"line":8,"column":49}},"type":"binary-expr","locations":[{"start":{"line":8,"column":12},"end":{"line":8,"column":32}},{"start":{"line":8,"column":36},"end":{"line":8,"column":49}}],"line":8},"1":{"loc":{"start":{"line":13,"column":0},"end":{"line":17,"column":1}},"type":"if","locations":[{"start":{"line":13,"column":0},"end":{"line":17,"column":1}},{"start":{"line":15,"column":7},"end":{"line":17,"column":1}}],"line":13},"2":{"loc":{"start":{"line":23,"column":6},"end":{"line":26,"column":37}},"type":"binary-expr","locations":[{"start":{"line":23,"column":6},"end":{"line":23,"column":29}},{"start":{"line":24,"column":6},"end":{"line":24,"column":23}},{"start":{"line":25,"column":6},"end":{"line":25,"column":30}},{"start":{"line":26,"column":6},"end":{"line":26,"column":37}}],"line":23},"3":{"loc":{"start":{"line":35,"column":2},"end":{"line":37,"column":3}},"type":"if","locations":[{"start":{"line":35,"column":2},"end":{"line":37,"column":3}},{"start":{},"end":{}}],"line":35}},"s":{"0":1,"1":1,"2":1,"3":1,"4":1,"5":1,"6":1,"7":1,"8":1,"9":0,"10":1,"11":1,"12":3,"13":2,"14":2,"15":1,"16":2,"17":2,"18":1,"19":1,"20":1},"f":{"0":3,"1":2,"2":2},"b":{"0":[1,0],"1":[0,1],"2":[3,3,2,2],"3":[2,0]},"_coverageSchema":"1a1c01bbd47fc00a2c39e90264f33305004495a9","hash":"8fac40a25a8982de37d4812e29e56981bbe4da4d"}
,"C:\\Yugo\\Hacktiv8\\Phase 2\\Week 3\\Day 1\\IP-RMT48\\server\\models\\mycharacter.js": {"path":"C:\\Yugo\\Hacktiv8\\Phase 2\\Week 3\\Day 1\\IP-RMT48\\server\\models\\mycharacter.js","statementMap":{"0":{"start":{"line":4,"column":4},"end":{"line":4,"column":24}},"1":{"start":{"line":5,"column":0},"end":{"line":101,"column":2}},"2":{"start":{"line":14,"column":6},"end":{"line":14,"column":40}},"3":{"start":{"line":17,"column":2},"end":{"line":99,"column":5}},"4":{"start":{"line":100,"column":2},"end":{"line":100,"column":21}}},"fnMap":{"0":{"name":"(anonymous_0)","decl":{"start":{"line":5,"column":17},"end":{"line":5,"column":18}},"loc":{"start":{"line":5,"column":43},"end":{"line":101,"column":1}},"line":5},"1":{"name":"(anonymous_1)","decl":{"start":{"line":12,"column":4},"end":{"line":12,"column":5}},"loc":{"start":{"line":12,"column":29},"end":{"line":15,"column":5}},"line":12}},"branchMap":{},"s":{"0":1,"1":1,"2":1,"3":1,"4":1},"f":{"0":1,"1":1},"b":{},"_coverageSchema":"1a1c01bbd47fc00a2c39e90264f33305004495a9","hash":"9feddaf3184f2f745b069c968f5a93ec98ac6cc4"}
,"C:\\Yugo\\Hacktiv8\\Phase 2\\Week 3\\Day 1\\IP-RMT48\\server\\models\\user.js": {"path":"C:\\Yugo\\Hacktiv8\\Phase 2\\Week 3\\Day 1\\IP-RMT48\\server\\models\\user.js","statementMap":{"0":{"start":{"line":4,"column":4},"end":{"line":4,"column":24}},"1":{"start":{"line":5,"column":21},"end":{"line":5,"column":51}},"2":{"start":{"line":6,"column":0},"end":{"line":102,"column":2}},"3":{"start":{"line":15,"column":6},"end":{"line":15,"column":38}},"4":{"start":{"line":18,"column":2},"end":{"line":100,"column":5}},"5":{"start":{"line":97,"column":8},"end":{"line":97,"column":49}},"6":{"start":{"line":101,"column":2},"end":{"line":101,"column":14}}},"fnMap":{"0":{"name":"(anonymous_0)","decl":{"start":{"line":6,"column":17},"end":{"line":6,"column":18}},"loc":{"start":{"line":6,"column":43},"end":{"line":102,"column":1}},"line":6},"1":{"name":"(anonymous_1)","decl":{"start":{"line":13,"column":4},"end":{"line":13,"column":5}},"loc":{"start":{"line":13,"column":29},"end":{"line":16,"column":5}},"line":13},"2":{"name":"(anonymous_2)","decl":{"start":{"line":96,"column":6},"end":{"line":96,"column":7}},"loc":{"start":{"line":96,"column":24},"end":{"line":98,"column":7}},"line":96}},"branchMap":{},"s":{"0":1,"1":1,"2":1,"3":1,"4":1,"5":2,"6":1},"f":{"0":1,"1":1,"2":2},"b":{},"_coverageSchema":"1a1c01bbd47fc00a2c39e90264f33305004495a9","hash":"32f98ba527516238f78e8f882d582b84d4872ee1"}
,"C:\\Yugo\\Hacktiv8\\Phase 2\\Week 3\\Day 1\\IP-RMT48\\server\\routes\\route.js": {"path":"C:\\Yugo\\Hacktiv8\\Phase 2\\Week 3\\Day 1\\IP-RMT48\\server\\routes\\route.js","statementMap":{"0":{"start":{"line":1,"column":19},"end":{"line":1,"column":55}},"1":{"start":{"line":2,"column":23},"end":{"line":2,"column":63}},"2":{"start":{"line":3,"column":22},"end":{"line":3,"column":60}},"3":{"start":{"line":4,"column":13},"end":{"line":4,"column":28}},"4":{"start":{"line":5,"column":15},"end":{"line":5,"column":32}},"5":{"start":{"line":6,"column":16},"end":{"line":6,"column":38}},"6":{"start":{"line":7,"column":15},"end":{"line":7,"column":43}},"7":{"start":{"line":9,"column":15},"end":{"line":9,"column":42}},"8":{"start":{"line":11,"column":0},"end":{"line":11,"column":18}},"9":{"start":{"line":13,"column":0},"end":{"line":13,"column":32}},"10":{"start":{"line":14,"column":0},"end":{"line":14,"column":41}},"11":{"start":{"line":15,"column":0},"end":{"line":15,"column":43}},"12":{"start":{"line":16,"column":0},"end":{"line":16,"column":55}},"13":{"start":{"line":18,"column":0},"end":{"line":18,"column":26}},"14":{"start":{"line":20,"column":0},"end":{"line":20,"column":55}},"15":{"start":{"line":21,"column":0},"end":{"line":21,"column":55}},"16":{"start":{"line":22,"column":0},"end":{"line":22,"column":59}},"17":{"start":{"line":23,"column":0},"end":{"line":23,"column":59}},"18":{"start":{"line":24,"column":0},"end":{"line":24,"column":65}},"19":{"start":{"line":25,"column":0},"end":{"line":25,"column":51}},"20":{"start":{"line":26,"column":0},"end":{"line":26,"column":51}},"21":{"start":{"line":27,"column":0},"end":{"line":27,"column":80}},"22":{"start":{"line":29,"column":0},"end":{"line":29,"column":25}},"23":{"start":{"line":31,"column":0},"end":{"line":31,"column":23}}},"fnMap":{},"branchMap":{},"s":{"0":1,"1":1,"2":1,"3":1,"4":1,"5":1,"6":1,"7":1,"8":1,"9":1,"10":1,"11":1,"12":1,"13":1,"14":1,"15":1,"16":1,"17":1,"18":1,"19":1,"20":1,"21":1,"22":1,"23":1},"f":{},"b":{},"_coverageSchema":"1a1c01bbd47fc00a2c39e90264f33305004495a9","hash":"3232373632ff0da8d78f811d48c2568d0e043a21"}
}
