TN:
SF:app.js
FNF:0
FNH:0
DA:1,1
DA:2,1
DA:4,1
DA:5,1
DA:7,1
DA:9,1
DA:10,1
DA:11,1
DA:13,1
LF:9
LH:9
BRDA:4,0,0,1
BRDA:4,0,1,0
BRF:2
BRH:1
end_of_record
TN:
SF:controllers\controller.js
FN:16,(anonymous_0)
FN:24,(anonymous_1)
FN:39,(anonymous_2)
FN:68,(anonymous_3)
FN:105,(anonymous_4)
FN:141,(anonymous_5)
FN:163,(anonymous_6)
FN:183,(anonymous_7)
FN:205,(anonymous_8)
FN:226,(anonymous_9)
FN:242,(anonymous_10)
FN:259,(anonymous_11)
FNF:12
FNH:10
FNDA:1,(anonymous_0)
FNDA:6,(anonymous_1)
FNDA:5,(anonymous_2)
FNDA:0,(anonymous_3)
FNDA:4,(anonymous_4)
FNDA:2,(anonymous_5)
FNDA:2,(anonymous_6)
FNDA:2,(anonymous_7)
FNDA:2,(anonymous_8)
FNDA:1,(anonymous_9)
FNDA:2,(anonymous_10)
FNDA:0,(anonymous_11)
DA:1,1
DA:2,1
DA:3,1
DA:4,1
DA:5,1
DA:10,1
DA:11,1
DA:12,1
DA:17,1
DA:18,1
DA:20,0
DA:25,6
DA:26,6
DA:27,6
DA:28,6
DA:29,1
DA:34,5
DA:35,5
DA:40,5
DA:41,5
DA:42,5
DA:43,1
DA:45,4
DA:46,1
DA:48,3
DA:53,3
DA:54,1
DA:56,2
DA:57,2
DA:58,1
DA:60,1
DA:61,1
DA:63,4
DA:64,4
DA:69,0
DA:70,0
DA:71,0
DA:75,0
DA:77,0
DA:83,0
DA:84,0
DA:96,0
DA:98,0
DA:100,0
DA:101,0
DA:106,4
DA:107,4
DA:108,4
DA:109,4
DA:116,4
DA:117,1
DA:121,4
DA:122,1
DA:124,4
DA:125,1
DA:127,4
DA:128,4
DA:136,0
DA:137,0
DA:142,2
DA:143,2
DA:144,2
DA:145,2
DA:151,2
DA:152,1
DA:155,1
DA:156,1
DA:158,1
DA:159,1
DA:164,2
DA:165,2
DA:166,2
DA:167,2
DA:173,2
DA:174,1
DA:176,1
DA:178,1
DA:179,1
DA:184,2
DA:185,2
DA:186,2
DA:187,2
DA:188,2
DA:194,2
DA:195,1
DA:197,1
DA:198,1
DA:201,1
DA:206,2
DA:207,2
DA:208,2
DA:209,2
DA:215,2
DA:216,1
DA:218,1
DA:219,1
DA:221,1
DA:222,1
DA:227,1
DA:228,1
DA:229,1
DA:235,1
DA:237,0
DA:238,0
DA:243,2
DA:244,2
DA:245,2
DA:246,2
DA:251,2
DA:252,1
DA:254,1
DA:255,1
DA:260,0
DA:261,0
DA:262,0
DA:263,0
DA:264,0
DA:266,0
DA:267,0
DA:268,0
DA:269,0
DA:270,0
DA:272,0
DA:273,0
DA:278,1
LF:125
LH:97
BRDA:42,0,0,1
BRDA:42,0,1,4
BRDA:45,1,0,1
BRDA:45,1,1,3
BRDA:53,2,0,1
BRDA:53,2,1,2
BRDA:57,3,0,1
BRDA:57,3,1,1
BRDA:83,4,0,0
BRDA:83,4,1,0
BRDA:116,5,0,1
BRDA:116,5,1,3
BRDA:121,6,0,1
BRDA:121,6,1,3
BRDA:124,7,0,1
BRDA:124,7,1,3
BRDA:129,8,0,4
BRDA:129,8,1,3
BRDA:151,9,0,1
BRDA:151,9,1,1
BRDA:173,10,0,1
BRDA:173,10,1,1
BRDA:194,11,0,1
BRDA:194,11,1,1
BRDA:215,12,0,1
BRDA:215,12,1,1
BRDA:263,13,0,0
BRDA:263,13,1,0
BRF:28
BRH:24
end_of_record
TN:
SF:helpers\bcryptjs.js
FN:4,hashPassword
FNF:1
FNH:1
FNDA:4,hashPassword
DA:1,1
DA:2,1
DA:5,4
DA:6,4
DA:9,1
LF:5
LH:5
BRF:0
BRH:0
end_of_record
TN:
SF:helpers\jwt.js
FN:5,signToken
FN:10,verifyToken
FNF:2
FNH:2
FNDA:2,signToken
FNDA:16,verifyToken
DA:1,1
DA:3,1
DA:6,2
DA:7,2
DA:11,16
DA:12,15
DA:15,1
LF:7
LH:7
BRF:0
BRH:0
end_of_record
TN:
SF:middlewares\authentication.js
FN:4,authentication
FNF:1
FNH:1
FNDA:17,authentication
DA:1,1
DA:2,1
DA:5,17
DA:6,17
DA:7,17
DA:8,1
DA:10,16
DA:11,16
DA:12,15
DA:13,15
DA:14,0
DA:16,15
DA:17,15
DA:19,2
DA:20,2
DA:24,1
LF:16
LH:15
BRDA:7,0,0,1
BRDA:7,0,1,16
BRDA:13,1,0,0
BRDA:13,1,1,15
BRF:4
BRH:3
end_of_record
TN:
SF:middlewares\errorHandler.js
FN:1,errorHandlers
FNF:1
FNH:1
FNDA:16,errorHandlers
DA:2,16
DA:3,6
DA:4,10
DA:5,9
DA:6,1
DA:7,1
DA:9,0
DA:13,1
LF:8
LH:7
BRDA:2,0,0,6
BRDA:2,0,1,10
BRDA:2,1,0,16
BRDA:2,1,1,15
BRDA:4,2,0,9
BRDA:4,2,1,1
BRDA:6,3,0,1
BRDA:6,3,1,0
BRF:8
BRH:7
end_of_record
TN:
SF:models\index.js
FN:21,(anonymous_0)
FN:29,(anonymous_1)
FN:34,(anonymous_2)
FNF:3
FNH:3
FNDA:3,(anonymous_0)
FNDA:2,(anonymous_1)
FNDA:2,(anonymous_2)
DA:3,1
DA:4,1
DA:5,1
DA:6,1
DA:7,1
DA:8,1
DA:9,1
DA:10,1
DA:13,1
DA:14,0
DA:16,1
DA:19,1
DA:22,3
DA:30,2
DA:31,2
DA:34,1
DA:35,2
DA:36,2
DA:40,1
DA:41,1
DA:43,1
LF:21
LH:20
BRDA:8,0,0,1
BRDA:8,0,1,0
BRDA:13,1,0,0
BRDA:13,1,1,1
BRDA:23,2,0,3
BRDA:23,2,1,3
BRDA:23,2,2,2
BRDA:23,2,3,2
BRDA:35,3,0,2
BRDA:35,3,1,0
BRF:10
BRH:7
end_of_record
TN:
SF:models\mycharacter.js
FN:5,(anonymous_0)
FN:12,(anonymous_1)
FNF:2
FNH:2
FNDA:1,(anonymous_0)
FNDA:1,(anonymous_1)
DA:4,1
DA:5,1
DA:14,1
DA:17,1
DA:100,1
LF:5
LH:5
BRF:0
BRH:0
end_of_record
TN:
SF:models\user.js
FN:6,(anonymous_0)
FN:13,(anonymous_1)
FN:96,(anonymous_2)
FNF:3
FNH:3
FNDA:1,(anonymous_0)
FNDA:1,(anonymous_1)
FNDA:2,(anonymous_2)
DA:4,1
DA:5,1
DA:6,1
DA:15,1
DA:18,1
DA:97,2
DA:101,1
LF:7
LH:7
BRF:0
BRH:0
end_of_record
TN:
SF:routes\route.js
FNF:0
FNH:0
DA:1,1
DA:2,1
DA:3,1
DA:4,1
DA:5,1
DA:6,1
DA:7,1
DA:9,1
DA:11,1
DA:13,1
DA:14,1
DA:15,1
DA:16,1
DA:18,1
DA:20,1
DA:21,1
DA:22,1
DA:23,1
DA:24,1
DA:25,1
DA:26,1
DA:27,1
DA:29,1
DA:31,1
LF:24
LH:24
BRF:0
BRH:0
end_of_record
